/opt/cursor/cursor.appimage: ignoring input
node:events:495
      throw er; // Unhandled 'error' event
      ^

Error: listen EADDRINUSE: address already in use :::3000
    at Server.set🔍 Starting search for: "test" on sources: filmix, baskino
🔍 Starting search for: "test" on sources: filmix, baskino
947:7)
    at Function.listen (/home/mol/WebstormProjects/vidStore/node_modules/express/lib/application.js:635:24)
    at Object.<anonymous> (/home/mol/WebstormProjects/vidStore/index.js:59:5)
    at Module._compile (node:internal/modules/cjs/loader:1356:14)
    at Module._extensions..js (node:internal/modules/cjs/loader:1414:10)
    at Module.load (node:internal/modules/cjs/loader:1197:32)
    at Module._load (node:internal/modules/cjs/loader:1013:12)
    at Function.executeUserEntryPoint [as runMain] (node:internal/modules/run_main:128:12)
Emitted 'error' event on Server instance at:
    at emitErrorNT (node:net:1838:8)
    at process.processTicksAndRejections (node:internal/process/task_queues:82:21) {
  code: 'EADDRINUSE',
  errno: -98,
  syscall: 'listen',
  address: '::',
  port: 3000
}

Node.js v18.19.1
